# Logfile created on 2021-02-22 18:44:02 +0000 by logger.rb/v1.4.3
I, [2021-02-22T18:45:07.282413 #31]  INFO -- : Soy un log
I, [2021-02-22T18:46:36.543857 #32]  INFO -- : Soy un log
I, [2021-02-22T18:46:58.865349 #33]  INFO -- : Soy un log
I, [2021-02-22T18:47:51.830371 #34]  INFO -- : Soy un log
I, [2021-02-22T18:49:56.289683 #35]  INFO -- : Soy un log
I, [2021-02-22T19:05:10.747057 #60]  INFO -- : Soy un log
I, [2021-02-22T19:05:10.753002 #60]  INFO -- : Not a valid discount
I, [2021-02-22T19:05:10.753678 #60]  INFO -- : Not a valid discount
I, [2021-02-22T19:05:10.754195 #60]  INFO -- : Not a valid discount
I, [2021-02-22T19:05:10.760720 #60]  INFO -- : Not a valid discount
I, [2021-02-22T19:05:30.132109 #61]  INFO -- : Not a valid discount
I, [2021-02-22T19:05:30.132712 #61]  INFO -- : Not a valid discount
I, [2021-02-22T19:05:30.133181 #61]  INFO -- : Not a valid discount
I, [2021-02-22T19:05:30.133606 #61]  INFO -- : Not a valid discount
W, [2021-02-22T19:13:48.781450 #69]  WARN -- : The platform is not valid
W, [2021-02-22T19:13:48.782037 #69]  WARN -- : The platform is not valid
I, [2021-02-22T19:13:48.782519 #69]  INFO -- : Not a valid discount
I, [2021-02-22T19:13:48.783065 #69]  INFO -- : Not a valid discount
I, [2021-02-22T19:13:48.783585 #69]  INFO -- : Not a valid discount
I, [2021-02-22T19:13:48.784109 #69]  INFO -- : Not a valid discount
W, [2021-02-22T19:13:55.124623 #70]  WARN -- : The platform is not valid
W, [2021-02-22T19:13:55.124996 #70]  WARN -- : The platform is not valid
I, [2021-02-22T19:13:55.125378 #70]  INFO -- : Not a valid discount
I, [2021-02-22T19:13:55.125960 #70]  INFO -- : Not a valid discount
I, [2021-02-22T19:13:55.126835 #70]  INFO -- : Not a valid discount
I, [2021-02-22T19:13:55.127911 #70]  INFO -- : Not a valid discount
W, [2021-02-22T19:14:25.395933 #71]  WARN -- : The platform is not valid
W, [2021-02-22T19:14:25.396437 #71]  WARN -- : The platform is not valid
I, [2021-02-22T19:14:25.396912 #71]  INFO -- : Not a valid discount
I, [2021-02-22T19:14:25.397516 #71]  INFO -- : Not a valid discount
I, [2021-02-22T19:14:25.398001 #71]  INFO -- : Not a valid discount
I, [2021-02-22T19:14:25.398448 #71]  INFO -- : Not a valid discount
W, [2021-02-22T19:14:35.849152 #72]  WARN -- : The platform is not valid
W, [2021-02-22T19:14:35.849532 #72]  WARN -- : The platform is not valid
W, [2021-02-22T19:14:35.849872 #72]  WARN -- : The category is not valid
I, [2021-02-22T19:14:35.850383 #72]  INFO -- : Not a valid discount
I, [2021-02-22T19:14:35.851094 #72]  INFO -- : Not a valid discount
I, [2021-02-22T19:14:35.851617 #72]  INFO -- : Not a valid discount
I, [2021-02-22T19:14:35.851782 #72]  INFO -- : Not a valid discount
W, [2021-02-22T19:16:37.479918 #73]  WARN -- : The platform is not valid
W, [2021-02-22T19:16:37.480565 #73]  WARN -- : The platform is not valid
F, [2021-02-22T19:16:37.481179 #73] FATAL -- : Not a valid discount
F, [2021-02-22T19:16:37.482252 #73] FATAL -- : Not a valid discount
F, [2021-02-22T19:16:37.483051 #73] FATAL -- : Not a valid discount
F, [2021-02-22T19:16:37.483583 #73] FATAL -- : Not a valid discount
I, [2021-02-22T19:17:46.431041 #74]  INFO -- : Price A is not a valid number
W, [2021-02-22T19:17:46.431274 #74]  WARN -- : The platform is not valid
I, [2021-02-22T19:17:46.431730 #74]  INFO -- : Price 30 is not a valid number
I, [2021-02-22T19:17:46.432198 #74]  INFO -- : Price 59.99 is not a valid number
I, [2021-02-22T19:17:46.432562 #74]  INFO -- : Price 49.99 is not a valid number
I, [2021-02-22T19:17:46.432939 #74]  INFO -- : Price 49.99 is not a valid number
W, [2021-02-22T19:17:46.433070 #74]  WARN -- : The platform is not valid
I, [2021-02-22T19:17:46.433456 #74]  INFO -- : Price 19.99 is not a valid number
I, [2021-02-22T19:17:46.433824 #74]  INFO -- : Price 15.99 is not a valid number
I, [2021-02-22T19:17:46.434131 #74]  INFO -- : Price 12.99 is not a valid number
F, [2021-02-22T19:17:46.434343 #74] FATAL -- : Not a valid discount
F, [2021-02-22T19:17:46.434680 #74] FATAL -- : Not a valid discount
F, [2021-02-22T19:17:46.434849 #74] FATAL -- : Not a valid discount
F, [2021-02-22T19:17:46.435059 #74] FATAL -- : Not a valid discount
I, [2021-02-22T19:18:26.210506 #76]  INFO -- : Price A is not a valid number
W, [2021-02-22T19:18:26.210761 #76]  WARN -- : The platform is not valid
I, [2021-02-22T19:18:26.211182 #76]  INFO -- : Price 30 is not a valid number
I, [2021-02-22T19:18:26.211496 #76]  INFO -- : Price 59.99 is not a valid number
I, [2021-02-22T19:18:26.211817 #76]  INFO -- : Price 49.99 is not a valid number
I, [2021-02-22T19:18:26.212110 #76]  INFO -- : Price 49.99 is not a valid number
W, [2021-02-22T19:18:26.212238 #76]  WARN -- : The platform is not valid
I, [2021-02-22T19:18:26.212578 #76]  INFO -- : Price 19.99 is not a valid number
I, [2021-02-22T19:18:26.212905 #76]  INFO -- : Price 15.99 is not a valid number
I, [2021-02-22T19:18:26.213198 #76]  INFO -- : Price 12.99 is not a valid number
F, [2021-02-22T19:18:26.213399 #76] FATAL -- : Not a valid discount
F, [2021-02-22T19:18:26.213679 #76] FATAL -- : Not a valid discount
F, [2021-02-22T19:18:26.213870 #76] FATAL -- : Not a valid discount
F, [2021-02-22T19:18:26.214035 #76] FATAL -- : Not a valid discount
I, [2021-02-22T19:21:07.707119 #77]  INFO -- : Price A is not a valid number
W, [2021-02-22T19:21:07.707322 #77]  WARN -- : The platform is not valid
I, [2021-02-22T19:21:07.707639 #77]  INFO -- : Price 30 is not a valid number
I, [2021-02-22T19:21:07.707977 #77]  INFO -- : Price 59.99 is not a valid number
I, [2021-02-22T19:21:07.708379 #77]  INFO -- : Price 49.99 is not a valid number
I, [2021-02-22T19:21:07.708799 #77]  INFO -- : Price 49.99 is not a valid number
W, [2021-02-22T19:21:07.708967 #77]  WARN -- : The platform is not valid
I, [2021-02-22T19:21:07.709398 #77]  INFO -- : Price 19.99 is not a valid number
I, [2021-02-22T19:21:07.709871 #77]  INFO -- : Price 15.99 is not a valid number
I, [2021-02-22T19:21:07.710374 #77]  INFO -- : Price 12.99 is not a valid number
F, [2021-02-22T19:21:07.710639 #77] FATAL -- : Not a valid discount
F, [2021-02-22T19:21:07.711111 #77] FATAL -- : Not a valid discount
F, [2021-02-22T19:21:07.711375 #77] FATAL -- : Not a valid discount
F, [2021-02-22T19:21:07.711649 #77] FATAL -- : Not a valid discount
